[debug] [2023-04-04T14:23:28.785Z] ----------------------------------------------------------------------
[debug] [2023-04-04T14:23:28.786Z] Command:       C:\Program Files\nodejs\node.exe C:\Program Files\nodejs\node_modules\firebase-tools\lib\bin\firebase.js init
[debug] [2023-04-04T14:23:28.787Z] CLI Version:   11.25.2
[debug] [2023-04-04T14:23:28.787Z] Platform:      win32
[debug] [2023-04-04T14:23:28.787Z] Node Version:  v18.15.0
[debug] [2023-04-04T14:23:28.789Z] Time:          Tue Apr 04 2023 10:23:28 GMT-0400 (Eastern Daylight Saving Time)
[debug] [2023-04-04T14:23:28.789Z] ----------------------------------------------------------------------
[debug] 
[debug] [2023-04-04T14:23:28.796Z] > command requires scopes: ["email","openid","https://www.googleapis.com/auth/cloudplatformprojects.readonly","https://www.googleapis.com/auth/firebase","https://www.googleapis.com/auth/cloud-platform"]
[debug] [2023-04-04T14:23:28.796Z] > authorizing via signed-in user (coolchibs@gmail.com)
[info] 
     ######## #### ########  ######## ########     ###     ######  ########
     ##        ##  ##     ## ##       ##     ##  ##   ##  ##       ##
     ######    ##  ########  ######   ########  #########  ######  ######
     ##        ##  ##    ##  ##       ##     ## ##     ##       ## ##
     ##       #### ##     ## ######## ########  ##     ##  ######  ########

You're about to initialize a Firebase project in this directory:

  C:\Projects\AngularTextToSpeech

Before we get started, keep in mind:

  * You are currently outside your home directory

